{"C:\\Users\\ASUS\\Desktop\\unit-test\\src\\sum.js": {"path":"C:\\Users\\ASUS\\Desktop\\unit-test\\src\\sum.js","all":false,"statementMap":{"0":{"start":{"line":1,"column":0},"end":{"line":1,"column":30}},"1":{"start":{"line":2,"column":0},"end":{"line":2,"column":17}},"2":{"start":{"line":3,"column":0},"end":{"line":3,"column":1}}},"s":{"0":1,"1":1,"2":1},"branchMap":{"0":{"type":"branch","line":1,"loc":{"start":{"line":1,"column":19},"end":{"line":3,"column":1}},"locations":[{"start":{"line":1,"column":19},"end":{"line":3,"column":1}}]}},"b":{"0":[1]},"fnMap":{"0":{"name":"sum","decl":{"start":{"line":1,"column":19},"end":{"line":3,"column":1}},"loc":{"start":{"line":1,"column":19},"end":{"line":3,"column":1}},"line":1}},"f":{"0":1}}
,"C:\\Users\\ASUS\\Desktop\\unit-test\\src\\sumAll.js": {"path":"C:\\Users\\ASUS\\Desktop\\unit-test\\src\\sumAll.js","all":false,"statementMap":{"0":{"start":{"line":1,"column":0},"end":{"line":1,"column":36}},"1":{"start":{"line":2,"column":0},"end":{"line":2,"column":18}},"2":{"start":{"line":3,"column":0},"end":{"line":3,"column":31}},"3":{"start":{"line":4,"column":0},"end":{"line":4,"column":22}},"4":{"start":{"line":5,"column":0},"end":{"line":5,"column":7}},"5":{"start":{"line":6,"column":0},"end":{"line":6,"column":17}},"6":{"start":{"line":7,"column":0},"end":{"line":7,"column":1}}},"s":{"0":1,"1":7,"2":7,"3":27,"4":7,"5":7,"6":7},"branchMap":{"0":{"type":"branch","line":1,"loc":{"start":{"line":1,"column":22},"end":{"line":7,"column":1}},"locations":[{"start":{"line":1,"column":22},"end":{"line":7,"column":1}}]},"1":{"type":"branch","line":3,"loc":{"start":{"line":3,"column":20},"end":{"line":5,"column":5}},"locations":[{"start":{"line":3,"column":20},"end":{"line":5,"column":5}}]}},"b":{"0":[7],"1":[27]},"fnMap":{"0":{"name":"sumAll","decl":{"start":{"line":1,"column":22},"end":{"line":7,"column":1}},"loc":{"start":{"line":1,"column":22},"end":{"line":7,"column":1}},"line":1}},"f":{"0":7}}
}
